<?xml version="1.0" encoding="UTF-8"?>
<!-- Generated by org.testng.reporters.JUnitReportReporter -->
<testsuite hostname="Kishor" failures="0" tests="4" name="test.TestNG_ActiTime" time="0.000" errors="0" timestamp="01 Mar 2022 20:35:17 GMT" skipped="4">
  <testcase classname="test.TestNG_ActiTime" name="application" time="0.000">
    <skipped/>
  </testcase> <!-- application -->
  <testcase classname="test.TestNG_ActiTime" name="report" time="0.000">
    <skipped/>
  </testcase> <!-- report -->
  <testcase classname="test.TestNG_ActiTime" name="task" time="0.000">
    <skipped/>
  </testcase> <!-- task -->
  <testcase classname="test.TestNG_ActiTime" name="user" time="0.000">
    <skipped/>
  </testcase> <!-- user -->
</testsuite> <!-- test.TestNG_ActiTime -->
