<?xml version="1.0" encoding="UTF-8"?>
<!-- Generated by org.testng.reporters.JUnitReportReporter -->
<testsuite hostname="Kishor" failures="0" tests="3" name="test_amazon.Amazon_TestNG" time="19.852" errors="0" timestamp="2022-03-07T23:52:31 IST" skipped="2">
  <testcase classname="test_amazon.Amazon_TestNG" name="accountdemo" time="19.852"/>
  <system-out/>
  <testcase classname="test_amazon.Amazon_TestNG" name="mobiledemo">
    <skipped/>
  </testcase> <!-- mobiledemo -->
  <system-out/>
  <testcase classname="test_amazon.Amazon_TestNG" name="testamazon">
    <skipped/>
  </testcase> <!-- testamazon -->
  <system-out/>
</testsuite> <!-- test_amazon.Amazon_TestNG -->
